Determining if the pthread_create exist failed with the following output:
Change Dir: /home/pi/raspicam/project/build/CMakeFiles/CMakeTmp

Run Build Command:"/usr/bin/make" "cmTC_8cc83/fast"
/usr/bin/make -f CMakeFiles/cmTC_8cc83.dir/build.make CMakeFiles/cmTC_8cc83.dir/build
make[1]: Entering directory '/home/pi/raspicam/project/build/CMakeFiles/CMakeTmp'
Building C object CMakeFiles/cmTC_8cc83.dir/CheckSymbolExists.c.o
/usr/bin/cc     -o CMakeFiles/cmTC_8cc83.dir/CheckSymbolExists.c.o   -c /home/pi/raspicam/project/build/CMakeFiles/CMakeTmp/CheckSymbolExists.c
Linking C executable cmTC_8cc83
/usr/bin/cmake -E cmake_link_script CMakeFiles/cmTC_8cc83.dir/link.txt --verbose=1
/usr/bin/cc       CMakeFiles/cmTC_8cc83.dir/CheckSymbolExists.c.o  -o cmTC_8cc83 -rdynamic 
CMakeFiles/cmTC_8cc83.dir/CheckSymbolExists.c.o: In function `main':
CheckSymbolExists.c:(.text+0x38): undefined reference to `pthread_create'
collect2: error: ld returned 1 exit status
CMakeFiles/cmTC_8cc83.dir/build.make:97: recipe for target 'cmTC_8cc83' failed
make[1]: *** [cmTC_8cc83] Error 1
make[1]: Leaving directory '/home/pi/raspicam/project/build/CMakeFiles/CMakeTmp'
Makefile:126: recipe for target 'cmTC_8cc83/fast' failed
make: *** [cmTC_8cc83/fast] Error 2

File /home/pi/raspicam/project/build/CMakeFiles/CMakeTmp/CheckSymbolExists.c:
/* */
#include <pthread.h>

int main(int argc, char** argv)
{
  (void)argv;
#ifndef pthread_create
  return ((int*)(&pthread_create))[argc];
#else
  (void)argc;
  return 0;
#endif
}

Determining if the function pthread_create exists in the pthreads failed with the following output:
Change Dir: /home/pi/raspicam/project/build/CMakeFiles/CMakeTmp

Run Build Command:"/usr/bin/make" "cmTC_aa9fe/fast"
/usr/bin/make -f CMakeFiles/cmTC_aa9fe.dir/build.make CMakeFiles/cmTC_aa9fe.dir/build
make[1]: Entering directory '/home/pi/raspicam/project/build/CMakeFiles/CMakeTmp'
Building C object CMakeFiles/cmTC_aa9fe.dir/CheckFunctionExists.c.o
/usr/bin/cc    -DCHECK_FUNCTION_EXISTS=pthread_create   -o CMakeFiles/cmTC_aa9fe.dir/CheckFunctionExists.c.o   -c /usr/share/cmake-3.7/Modules/CheckFunctionExists.c
Linking C executable cmTC_aa9fe
/usr/bin/cmake -E cmake_link_script CMakeFiles/cmTC_aa9fe.dir/link.txt --verbose=1
/usr/bin/cc   -DCHECK_FUNCTION_EXISTS=pthread_create    CMakeFiles/cmTC_aa9fe.dir/CheckFunctionExists.c.o  -o cmTC_aa9fe -rdynamic -lpthreads 
/usr/bin/ld: cannot find -lpthreads
collect2: error: ld returned 1 exit status
CMakeFiles/cmTC_aa9fe.dir/build.make:97: recipe for target 'cmTC_aa9fe' failed
make[1]: *** [cmTC_aa9fe] Error 1
make[1]: Leaving directory '/home/pi/raspicam/project/build/CMakeFiles/CMakeTmp'
Makefile:126: recipe for target 'cmTC_aa9fe/fast' failed
make: *** [cmTC_aa9fe/fast] Error 2


